GROUP,PACKAGE,CLASS,INSTRUCTION_MISSED,INSTRUCTION_COVERED,BRANCH_MISSED,BRANCH_COVERED,LINE_MISSED,LINE_COVERED,COMPLEXITY_MISSED,COMPLEXITY_COVERED,METHOD_MISSED,METHOD_COVERED
patient-ui,com.mediscreen.patientui.service,PatientAssessment,21,180,1,24,4,43,2,26,1,10
patient-ui,com.mediscreen.patientui.controller,AssessmentRestController,2,51,1,1,1,8,1,3,0,3
patient-ui,com.mediscreen.patientui.controller,MedicalHistoryController,33,71,6,4,8,16,6,5,2,4
patient-ui,com.mediscreen.patientui.controller,PatientController,31,86,10,12,7,20,11,8,2,6
