GROUP,PACKAGE,CLASS,INSTRUCTION_MISSED,INSTRUCTION_COVERED,BRANCH_MISSED,BRANCH_COVERED,LINE_MISSED,LINE_COVERED,COMPLEXITY_MISSED,COMPLEXITY_COVERED,METHOD_MISSED,METHOD_COVERED
patientMedicalHistory-Microservice,com.mediscreen.patientMedicalHistoryMicroservice.service.serviceImpl,MedicalHistoryServiceImpl,19,85,2,2,4,20,2,9,1,8
patientMedicalHistory-Microservice,com.mediscreen.patientMedicalHistoryMicroservice.controller,MedicalHistoryController,5,27,0,0,1,5,1,5,1,5
patientMedicalHistory-Microservice,com.mediscreen.patientMedicalHistoryMicroservice.controller,MedicalHistoryControllerNonBrowser,0,18,0,0,0,5,0,2,0,2
